<?xml version="1.0" encoding="UTF-8"?>
<!-- Generated by org.testng.reporters.JUnitReportReporter -->
<testsuite hostname="Vijetha-Prabhakar" name="PropertyFile.Parallel_execution" tests="2" failures="0" timestamp="21 Dec 2019 10:47:20 GMT" time="82.908" errors="0">
  <testcase name="Launch" time="68.204" classname="PropertyFile.Parallel_execution"/>
  <testcase name="Launch" time="14.704" classname="PropertyFile.Parallel_execution"/>
</testsuite> <!-- PropertyFile.Parallel_execution -->
