<?xml version="1.0" encoding="UTF-8"?>
<!-- Generated by org.testng.reporters.JUnitReportReporter -->
<testsuite hostname="Vijetha-Prabhakar" name="TestScripts.Gmail_lgnlgtTest" tests="1" failures="0" timestamp="21 Dec 2019 08:14:59 GMT" time="58.353" errors="0">
  <testcase name="testLogin" time="58.353" classname="TestScripts.Gmail_lgnlgtTest"/>
</testsuite> <!-- TestScripts.Gmail_lgnlgtTest -->
