<?xml version="1.0" encoding="UTF-8"?>
<!-- Generated by org.testng.reporters.JUnitReportReporter -->
<testsuite hostname="Vijetha-Prabhakar" name="PropertyFile.Property" tests="1" failures="0" timestamp="21 Dec 2019 09:59:08 GMT" time="0.031" errors="0">
  <testcase name="test_property" time="0.031" classname="PropertyFile.Property"/>
</testsuite> <!-- PropertyFile.Property -->
