<?xml version="1.0" encoding="UTF-8"?>
<!-- Generated by org.testng.reporters.JUnitReportReporter -->
<testsuite skipped="0" hostname="RAJESHWARI-PC" name="TestScripts.Gmail_composetest" tests="1" failures="0" timestamp="12 Dec 2019 15:06:06 GMT" time="73.959" errors="0">
  <testcase name="compose" time="73.959" classname="TestScripts.Gmail_composetest"/>
</testsuite> <!-- TestScripts.Gmail_composetest -->
