<?xml version="1.0" encoding="UTF-8"?>
<!-- Generated by org.testng.reporters.JUnitReportReporter -->
<testsuite hostname="Vijetha-Prabhakar" name="PropertyFile.Launch_generic" tests="1" failures="0" timestamp="21 Dec 2019 10:54:30 GMT" time="69.140" errors="0">
  <testcase name="Lau" time="69.140" classname="PropertyFile.Launch_generic"/>
</testsuite> <!-- PropertyFile.Launch_generic -->
